[debug] [2022-06-18T00:42:34.549Z] ----------------------------------------------------------------------
[debug] [2022-06-18T00:42:34.549Z] Command:       /usr/local/bin/node /Users/ad/‘~/.npm-global/bin/firebase deploy --only hosting
[debug] [2022-06-18T00:42:34.550Z] CLI Version:   11.0.1
[debug] [2022-06-18T00:42:34.550Z] Platform:      darwin
[debug] [2022-06-18T00:42:34.550Z] Node Version:  v16.14.0
[debug] [2022-06-18T00:42:34.553Z] Time:          Sat Jun 18 2022 10:42:34 GMT+1000 (Australian Eastern Standard Time)
[debug] [2022-06-18T00:42:34.553Z] ----------------------------------------------------------------------
[debug] 
[debug] [2022-06-18T00:42:34.582Z] > command requires scopes: ["email","openid","https://www.googleapis.com/auth/cloudplatformprojects.readonly","https://www.googleapis.com/auth/firebase","https://www.googleapis.com/auth/cloud-platform"]
[debug] [2022-06-18T00:42:34.582Z] > authorizing via signed-in user (adzke713@gmail.com)
[debug] [2022-06-18T00:42:34.582Z] [iam] checking project raven-6b6fb for permissions ["firebase.projects.get","firebasehosting.sites.update"]
[debug] [2022-06-18T00:42:34.582Z] > refreshing access token with scopes: []
[debug] [2022-06-18T00:42:34.583Z] >>> HTTP REQUEST POST https://www.googleapis.com/oauth2/v3/token  
 <request body omitted>
[debug] [2022-06-18T00:42:35.075Z] <<< HTTP RESPONSE 200 {"cache-control":"no-cache, no-store, max-age=0, must-revalidate","pragma":"no-cache","date":"Sat, 18 Jun 2022 00:42:35 GMT","expires":"Mon, 01 Jan 1990 00:00:00 GMT","content-type":"application/json; charset=utf-8","vary":"X-Origin, Referer, Origin,Accept-Encoding","server":"scaffolding on HTTPServer2","x-xss-protection":"0","x-frame-options":"SAMEORIGIN","x-content-type-options":"nosniff","alt-svc":"h3=\":443\"; ma=2592000,h3-29=\":443\"; ma=2592000,h3-Q050=\":443\"; ma=2592000,h3-Q046=\":443\"; ma=2592000,h3-Q043=\":443\"; ma=2592000,quic=\":443\"; ma=2592000; v=\"46,43\"","accept-ranges":"none","transfer-encoding":"chunked"}
[debug] [2022-06-18T00:42:35.101Z] >>> [apiv2][query] POST https://cloudresourcemanager.googleapis.com/v1/projects/raven-6b6fb:testIamPermissions [none]
[debug] [2022-06-18T00:42:35.101Z] >>> [apiv2][body] POST https://cloudresourcemanager.googleapis.com/v1/projects/raven-6b6fb:testIamPermissions {"permissions":["firebase.projects.get","firebasehosting.sites.update"]}
[debug] [2022-06-18T00:42:36.581Z] <<< [apiv2][status] POST https://cloudresourcemanager.googleapis.com/v1/projects/raven-6b6fb:testIamPermissions 200
[debug] [2022-06-18T00:42:36.582Z] <<< [apiv2][body] POST https://cloudresourcemanager.googleapis.com/v1/projects/raven-6b6fb:testIamPermissions {"permissions":["firebase.projects.get","firebasehosting.sites.update"]}
[debug] [2022-06-18T00:42:36.583Z] >>> [apiv2][query] GET https://firebase.googleapis.com/v1beta1/projects/raven-6b6fb [none]
[debug] [2022-06-18T00:42:37.546Z] <<< [apiv2][status] GET https://firebase.googleapis.com/v1beta1/projects/raven-6b6fb 200
[debug] [2022-06-18T00:42:37.546Z] <<< [apiv2][body] GET https://firebase.googleapis.com/v1beta1/projects/raven-6b6fb {"projectId":"raven-6b6fb","projectNumber":"112542075290","displayName":"raven","name":"projects/raven-6b6fb","resources":{"hostingSite":"raven-6b6fb"},"state":"ACTIVE"}
[info] 
[info] === Deploying to 'raven-6b6fb'...
[info] 
[info] i  deploying hosting 
[debug] [2022-06-18T00:42:37.550Z] >>> [apiv2][query] GET https://firebase.googleapis.com/v1beta1/projects/raven-6b6fb [none]
[debug] [2022-06-18T00:42:38.522Z] <<< [apiv2][status] GET https://firebase.googleapis.com/v1beta1/projects/raven-6b6fb 200
[debug] [2022-06-18T00:42:38.522Z] <<< [apiv2][body] GET https://firebase.googleapis.com/v1beta1/projects/raven-6b6fb {"projectId":"raven-6b6fb","projectNumber":"112542075290","displayName":"raven","name":"projects/raven-6b6fb","resources":{"hostingSite":"raven-6b6fb"},"state":"ACTIVE"}
[debug] [2022-06-18T00:42:38.526Z] >>> [apiv2][query] POST https://firebasehosting.googleapis.com/v1beta1/projects/112542075290/sites/raven-6b6fb/versions [none]
[debug] [2022-06-18T00:42:38.526Z] >>> [apiv2][body] POST https://firebasehosting.googleapis.com/v1beta1/projects/112542075290/sites/raven-6b6fb/versions {"config":{"rewrites":[{"glob":"**","path":"/index.html"}]},"labels":{"deployment-tool":"cli-firebase"}}
[debug] [2022-06-18T00:42:40.555Z] <<< [apiv2][status] POST https://firebasehosting.googleapis.com/v1beta1/projects/112542075290/sites/raven-6b6fb/versions 200
[debug] [2022-06-18T00:42:40.555Z] <<< [apiv2][body] POST https://firebasehosting.googleapis.com/v1beta1/projects/112542075290/sites/raven-6b6fb/versions {"name":"projects/112542075290/sites/raven-6b6fb/versions/950a18215fb06874","status":"CREATED","config":{"rewrites":[{"glob":"**","path":"/index.html"}]},"labels":{"deployment-tool":"cli-firebase"}}
[info] i  hosting[raven-6b6fb]: beginning deploy... 
[info] i  hosting[raven-6b6fb]: found 43 files in web-build 
[debug] [2022-06-18T00:42:40.575Z] [hosting] uploading with 200 concurrency
[debug] [2022-06-18T00:42:40.820Z] [hosting] hash cache [d2ViLWJ1aWxk] stored for 43 files
[debug] [2022-06-18T00:42:40.820Z] [hosting][hash queue][FINAL] {"max":239,"min":16,"avg":34.906976744186046,"active":0,"complete":43,"success":43,"errored":0,"retried":0,"total":43,"elapsed":243}
[debug] [2022-06-18T00:42:40.820Z] >>> [apiv2][query] POST https://firebasehosting.googleapis.com/v1beta1/projects/112542075290/sites/raven-6b6fb/versions/950a18215fb06874:populateFiles [none]
[debug] [2022-06-18T00:42:40.820Z] >>> [apiv2][body] POST https://firebasehosting.googleapis.com/v1beta1/projects/112542075290/sites/raven-6b6fb/versions/950a18215fb06874:populateFiles {"files":{"/favicon-32.png":"1f1b5f22b1207beba8dfcf03baa3f7712ec1614c6debd119bb2045012c3bad6c","/index.html":"b6cc0289deebf7976ebbff30d0915a26d7b96ce8185ba737b1862fea43be076f","/asset-manifest.json":"b84bccdd947b2a57a9bad5337968c7852a62de889247f05b178f7b5be6d4c57f","/favicon-16.png":"3741fc9dde3b10fa0ab0a6b78a8e26b97cc5ce86ba30dab4ce0e1875ae8c11fa","/serve.json":"d8b2eb3c4a28a9632997f5e7514b684d7184401c33dea0b7ca133279bb78ce77","/manifest.json":"6a2b2ef8cc91bf5616a0a48b1f46878a5f8e290b3ae7a757a974df168d6d3b48","/favicon.ico":"7981915c4b94da30997a57587b2871857e9b9f1250e8db2428c95c84d1caab71","/pwa/apple-touch-icon/apple-touch-icon-180.png":"01422a6352795ad34817a99ea2af91bd0095e11e2962fd196a2785b565d1b7ce","/pwa/chrome-icon/chrome-icon-192.png":"52c09ddcf085dc5d1951e9b203571036ccb1695af708dc6106b28a372179ac4b","/pwa/chrome-icon/chrome-icon-144.png":"00ccfbec19e1ba049862b94f960ccc80a0a2d46f5f62ca7b8ab0a82b1158d553","/static/js/2.6bbe6f4c.chunk.js.LICENSE.txt":"16531721f9facd65bd734ae495ad59fcb2ff73a65b2c6c15c82495d329cb495f","/static/js/runtime~app.2e9f1821.js":"47636e2a99fa0eda7d55ab9e118d3968249d9181754f6253caf8ee28acd3ff35","/static/media/drawing.251f960a.svg":"9cc4d0eda362acd1d53045f68d6a7e1d8fc79259ed426b69d1d6accedbe6050f","/static/js/runtime~app.2e9f1821.js.map":"8e15335d198b3c24c000e5e7f82f07106b4d4d77d1a9848cce45a841f2b5ca59","/static/js/app.064829ef.chunk.js":"79c5f9b12ace39e2a6487e97186a7d570eedd1a6f405ead8709827230470753c","/static/js/app.064829ef.chunk.js.map":"6cebad21a7dc19f399a0e12953dd486a0653e8a54e95edb770baf7735a10a974","/fonts/Feather.ttf":"925b0da6158e3fcebd8bc6a59a97548afdaf8545a3636399925897eea4436ff3","/pwa/apple-touch-startup-image/apple-touch-startup-image-828x1792.png":"03195cf835012ed2c3ca1d4552d888806f03ef7c412211659a28db37834887b9","/pwa/apple-touch-startup-image/apple-touch-startup-image-640x1136.png":"9f2c36474a8c8e414642448104e6d467d7036ce85182094dcd85636333d75170","/pwa/apple-touch-startup-image/apple-touch-startup-image-750x1334.png":"8041fc890ccf29c1d4d388eafadbddb6bfcc1132a8f934cb3d7b68b20cea442b","/pwa/chrome-icon/chrome-icon-512.png":"f19aaae5f40b33cf57e7c248e637da339f400debda97eb2aeab4b31df52b3440","/fonts/SimpleLineIcons.ttf":"0008e9d91744a13909a740ae365d32d55027514b357e0c0890164cfc00959cfa","/fonts/Foundation.ttf":"c467b886c9d0019dd7c0b82d1708781563cb89d998b23aa17ca90da41085f2d1","/pwa/apple-touch-startup-image/apple-touch-startup-image-1125x2436.png":"a5486735223d9b3b068fe7d62000e2942d38a8ddb75c0bc39c57654e3c4d9052","/pwa/apple-touch-startup-image/apple-touch-startup-image-1536x2048.png":"5a6c95694b1563a0dd5bba57a08b16cdc86333d3495bd9595e89779c46fb07c8","/pwa/apple-touch-startup-image/apple-touch-startup-image-1242x2208.png":"91c7e9ab0caf63ebf5bca34d1307c49eceb50ec421f5fb335b6ec3c70d21c754","/pwa/apple-touch-startup-image/apple-touch-startup-image-1668x2388.png":"73280355d51ba7f364b52c562a689fdec4ddab07bba0f9a6cc3dbe6f040b2af9","/fonts/AntDesign.ttf":"3511d5655ede3265d5d3665d10d468ab3e0392dc44af3b6fa0dc69a3e942f093","/pwa/apple-touch-startup-image/apple-touch-startup-image-1668x2224.png":"6b70a4c91cebd60fa2241ae2c86f92b9f9a523dc51b1d2a46ac6eefeb81ce1d3","/fonts/Entypo.ttf":"c483e339381ca1240eb6aaa96080b90d590d6fa03c0ff4bb4ddc9c2347ce3334","/fonts/DancingScript-Regular.ttf":"c5773100472528d6b06866a405edaa2ea8548537d6a37e34b421bd14b2336288","/pwa/apple-touch-startup-image/apple-touch-startup-image-1242x2688.png":"a04c7633da4f961c966cf32df702147c8666eb3ba22ee5c0a78a3546d19b6673","/pwa/apple-touch-startup-image/apple-touch-startup-image-2048x2732.png":"7b7640efc0a7fe4964d4865607efff7bdfcfe1ae00528fd783d01887053d077e","/fonts/LibreBaskerville-Regular.ttf":"043454e5a52f561bf06c3bea78298a4f9e4cd40ff4f977c860efa838333e5a31","/fonts/FontAwesome5_Brands.ttf":"c2d4c07ee002df6a7486a4b6c596efb9b1fbd9142c6891208d9141063c7cf539","/fonts/FontAwesome.ttf":"225dc03087123b26cb71296d418705ec2e89e826acd04bfe6fc6353a0f5220c8","/fonts/FontAwesome5_Solid.ttf":"129f66735be883f6628766a200558ab667cff67034f6d1486bc7118f7163db3f","/fonts/Ionicons.ttf":"a13e6b17b62197439b140736fb54130b168f043435c7e41dd8a9f15982234b19","/fonts/MaterialIcons.ttf":"6ec4b847b9775f7279bb809724ba963b457a9ee8095c098388cd9d1ce821ee93","/fonts/Fontisto.ttf":"51605e8f1ccb777d3e0ebd10b6e142c99652d6de911aaf103c7d4e7e45295025","/static/js/2.6bbe6f4c.chunk.js":"66824c71a8fe646263f343631bd25986c39ecc7987e5cd601a000403541789ad","/fonts/MaterialCommunityIcons.ttf":"1879c3fb53ae114c4573b99104a631e992e57e8bda1d213b93fd461b1e437a59","/static/js/2.6bbe6f4c.chunk.js.map":"5491efe7d2b1bc04281c73fd2e5acc85f5f93afc5dc1e8ab42cb8d185c4d41ef"}}
[debug] [2022-06-18T00:42:42.414Z] <<< [apiv2][status] POST https://firebasehosting.googleapis.com/v1beta1/projects/112542075290/sites/raven-6b6fb/versions/950a18215fb06874:populateFiles 200
[debug] [2022-06-18T00:42:42.414Z] <<< [apiv2][body] POST https://firebasehosting.googleapis.com/v1beta1/projects/112542075290/sites/raven-6b6fb/versions/950a18215fb06874:populateFiles {"uploadRequiredHashes":["66824c71a8fe646263f343631bd25986c39ecc7987e5cd601a000403541789ad","b84bccdd947b2a57a9bad5337968c7852a62de889247f05b178f7b5be6d4c57f","79c5f9b12ace39e2a6487e97186a7d570eedd1a6f405ead8709827230470753c","6cebad21a7dc19f399a0e12953dd486a0653e8a54e95edb770baf7735a10a974","b6cc0289deebf7976ebbff30d0915a26d7b96ce8185ba737b1862fea43be076f","5491efe7d2b1bc04281c73fd2e5acc85f5f93afc5dc1e8ab42cb8d185c4d41ef"],"uploadUrl":"https://upload-firebasehosting.googleapis.com/upload/sites/raven-6b6fb/versions/950a18215fb06874/files"}
[debug] [2022-06-18T00:42:42.417Z] >>> [apiv2][query] POST https://upload-firebasehosting.googleapis.com/upload/sites/raven-6b6fb/versions/950a18215fb06874/files/66824c71a8fe646263f343631bd25986c39ecc7987e5cd601a000403541789ad [none]
[debug] [2022-06-18T00:42:42.417Z] >>> [apiv2][body] POST https://upload-firebasehosting.googleapis.com/upload/sites/raven-6b6fb/versions/950a18215fb06874/files/66824c71a8fe646263f343631bd25986c39ecc7987e5cd601a000403541789ad [stream]
[debug] [2022-06-18T00:42:42.419Z] >>> [apiv2][query] POST https://upload-firebasehosting.googleapis.com/upload/sites/raven-6b6fb/versions/950a18215fb06874/files/b84bccdd947b2a57a9bad5337968c7852a62de889247f05b178f7b5be6d4c57f [none]
[debug] [2022-06-18T00:42:42.420Z] >>> [apiv2][body] POST https://upload-firebasehosting.googleapis.com/upload/sites/raven-6b6fb/versions/950a18215fb06874/files/b84bccdd947b2a57a9bad5337968c7852a62de889247f05b178f7b5be6d4c57f [stream]
[debug] [2022-06-18T00:42:42.421Z] >>> [apiv2][query] POST https://upload-firebasehosting.googleapis.com/upload/sites/raven-6b6fb/versions/950a18215fb06874/files/79c5f9b12ace39e2a6487e97186a7d570eedd1a6f405ead8709827230470753c [none]
[debug] [2022-06-18T00:42:42.421Z] >>> [apiv2][body] POST https://upload-firebasehosting.googleapis.com/upload/sites/raven-6b6fb/versions/950a18215fb06874/files/79c5f9b12ace39e2a6487e97186a7d570eedd1a6f405ead8709827230470753c [stream]
[debug] [2022-06-18T00:42:42.423Z] >>> [apiv2][query] POST https://upload-firebasehosting.googleapis.com/upload/sites/raven-6b6fb/versions/950a18215fb06874/files/6cebad21a7dc19f399a0e12953dd486a0653e8a54e95edb770baf7735a10a974 [none]
[debug] [2022-06-18T00:42:42.423Z] >>> [apiv2][body] POST https://upload-firebasehosting.googleapis.com/upload/sites/raven-6b6fb/versions/950a18215fb06874/files/6cebad21a7dc19f399a0e12953dd486a0653e8a54e95edb770baf7735a10a974 [stream]
[debug] [2022-06-18T00:42:42.424Z] >>> [apiv2][query] POST https://upload-firebasehosting.googleapis.com/upload/sites/raven-6b6fb/versions/950a18215fb06874/files/b6cc0289deebf7976ebbff30d0915a26d7b96ce8185ba737b1862fea43be076f [none]
[debug] [2022-06-18T00:42:42.424Z] >>> [apiv2][body] POST https://upload-firebasehosting.googleapis.com/upload/sites/raven-6b6fb/versions/950a18215fb06874/files/b6cc0289deebf7976ebbff30d0915a26d7b96ce8185ba737b1862fea43be076f [stream]
[debug] [2022-06-18T00:42:42.426Z] >>> [apiv2][query] POST https://upload-firebasehosting.googleapis.com/upload/sites/raven-6b6fb/versions/950a18215fb06874/files/5491efe7d2b1bc04281c73fd2e5acc85f5f93afc5dc1e8ab42cb8d185c4d41ef [none]
[debug] [2022-06-18T00:42:42.426Z] >>> [apiv2][body] POST https://upload-firebasehosting.googleapis.com/upload/sites/raven-6b6fb/versions/950a18215fb06874/files/5491efe7d2b1bc04281c73fd2e5acc85f5f93afc5dc1e8ab42cb8d185c4d41ef [stream]
[debug] [2022-06-18T00:42:42.427Z] [hosting][populate queue][FINAL] {"max":1598,"min":1598,"avg":1598,"active":0,"complete":1,"success":1,"errored":0,"retried":0,"total":1,"elapsed":1608}
[debug] [2022-06-18T00:42:42.427Z] [hosting] uploads queued: 6
